Using pre-set license

 COMMAND LINE ARGUMENTS:
/Applications/Unity/Hub/Editor/2020.3.13f1/Unity.app/Contents/MacOS/Unity
-adb2
-batchMode
-noUpm
-name
AssetImportWorker0
-projectPath
/Users/ykish/Documents/GitHub/Unity-UI
-logFile
Logs/AssetImportWorker0.log
-srvPort
50081
Successfully changed project path to: /Users/ykish/Documents/GitHub/Unity-UI
/Users/ykish/Documents/GitHub/Unity-UI
Using Asset Import Pipeline V2.
Refreshing native plugins compatible for Editor in 46.72 ms, found 2 plugins.
Preloading 0 native plugins for Editor in 0.00 ms.
Initialize engine version: 2020.3.13f1 (71691879b7f5)
[Subsystems] Discovering subsystems at path /Applications/Unity/Hub/Editor/2020.3.13f1/Unity.app/Contents/Resources/UnitySubsystems
[Subsystems] Discovering subsystems at path /Users/ykish/Documents/GitHub/Unity-UI/Assets
GfxDevice: creating device client; threaded=0
2021-08-28 12:21:37.166 Unity[4881:35118] (null) preferred device: Apple M1 (high power)
2021-08-28 12:21:37.166 Unity[4881:35118] Metal devices available: 1
2021-08-28 12:21:37.166 Unity[4881:35118] 0: Apple M1 (high power)
2021-08-28 12:21:37.166 Unity[4881:35118] Using device Apple M1 (high power)
Initializing Metal device caps: Apple M1
Shader 'Universal Render Pipeline/Particles/Lit': fallback shader 'Universal Render Pipeline/Particles/SimpleLit' not found
Initialize mono
Mono path[0] = '/Applications/Unity/Hub/Editor/2020.3.13f1/Unity.app/Contents/Managed'
Mono path[1] = '/Applications/Unity/Hub/Editor/2020.3.13f1/Unity.app/Contents/MonoBleedingEdge/lib/mono/unityjit'
Mono config path = '/Applications/Unity/Hub/Editor/2020.3.13f1/Unity.app/Contents/MonoBleedingEdge/etc'
Using monoOptions --debugger-agent=transport=dt_socket,embedding=1,server=y,suspend=n,address=127.0.0.1:56881
Begin MonoManager ReloadAssembly
Registering precompiled unity dll's ...
Register platform support module: /Applications/Unity/Hub/Editor/2020.3.13f1/Unity.app/Contents/PlaybackEngines/MacStandaloneSupport/UnityEditor.OSXStandalone.Extensions.dll
Registered in 0.001014 seconds.
Native extension for OSXStandalone target not found
Refreshing native plugins compatible for Editor in 45.56 ms, found 2 plugins.
Preloading 0 native plugins for Editor in 0.00 ms.
Mono: successfully reloaded assembly
- Completed reload, in  2.352 seconds
Platform modules already initialized, skipping
Registering precompiled user dll's ...
Registered in 0.004782 seconds.
Begin MonoManager ReloadAssembly
Native extension for OSXStandalone target not found
Refreshing native plugins compatible for Editor in 46.24 ms, found 2 plugins.
Preloading 0 native plugins for Editor in 0.00 ms.
Mono: successfully reloaded assembly
- Completed reload, in  2.493 seconds
Platform modules already initialized, skipping
========================================================================
Worker process is ready to serve import requests
Shader 'Universal Render Pipeline/Particles/Lit': fallback shader 'Universal Render Pipeline/Particles/SimpleLit' not found
Launching external process: /Applications/Unity/Hub/Editor/2020.3.13f1/Unity.app/Contents/Tools/UnityShaderCompiler
Launched and connected shader compiler UnityShaderCompiler after 0.02 seconds
Refreshing native plugins compatible for Editor in 0.61 ms, found 2 plugins.
Preloading 0 native plugins for Editor in 0.00 ms.
Unloading 2695 Unused Serialized files (Serialized files now loaded: 0)
System memory in use before: 205.5 MB.
System memory in use after: 205.7 MB.

Unloading 19 unused Assets to reduce memory usage. Loaded Objects now: 3126.
Total: 3.342250 ms (FindLiveObjects: 0.226709 ms CreateObjectMapping: 0.059875 ms MarkObjects: 2.973417 ms  DeleteObjects: 0.079792 ms)

AssetImportParameters requested are different than current active one (requested -> active):
  custom:video-decoder-ogg-theora: a1e56fd34408186e4bbccfd4996cb3dc -> 
  custom:container-muxer-webm: aa71ff27fc2769a1b78a27578f13a17b -> 
  custom:container-demuxer-webm: 4f35f7cbe854078d1ac9338744f61a02 -> 
  custom:container-demuxer-ogg: 62fdf1f143b41e24485cea50d1cbac27 -> 
  custom:video-encoder-webm-vp8: eb34c28f22e8b96e1ab97ce403110664 -> 
  custom:framework-osx-AVFoundation: e770b220cccbd017edd2c1fefb359320 -> 
  custom:video-decoder-webm-vp8: 9c59270c3fd7afecdb556c50c9e8de78 -> 
  custom:audio-decoder-ogg-vorbis: bf7c407c2cedff20999df2af8eb42d56 -> 
  custom:audio-encoder-webm-vorbis: bf7c407c2cedff20999df2af8eb42d56 -> 
========================================================================
Received Import Request.
  path: Assets/Readme.asset
  artifactKey: Guid(83c2ed844a8c74b779a4c823d16594b1) Importer(815301076,1909f56bfc062723c751e8b465ee728b)
Start importing Assets/Readme.asset using Guid(83c2ed844a8c74b779a4c823d16594b1) Importer(815301076,1909f56bfc062723c751e8b465ee728b)  -> (artifact id: '8ffd2c44ffeb50c574abb5d0c4453328') in 0.416876 seconds 
  Import took 0.420562 seconds .

========================================================================
Received Prepare
Registering precompiled user dll's ...
Registered in 0.004777 seconds.
Begin MonoManager ReloadAssembly
Native extension for OSXStandalone target not found
Refreshing native plugins compatible for Editor in 0.53 ms, found 2 plugins.
Preloading 0 native plugins for Editor in 0.00 ms.
Mono: successfully reloaded assembly
- Completed reload, in  2.547 seconds
Platform modules already initialized, skipping
Switching build target platform(2) subTarget(0) extendedPlatform(0) -> platform(9) subTarget(16777218) extendedPlatform(0)
Shader 'Universal Render Pipeline/Particles/Lit': fallback shader 'Universal Render Pipeline/Particles/SimpleLit' not found
Refreshing native plugins compatible for Editor in 0.48 ms, found 2 plugins.
Preloading 0 native plugins for Editor in 0.00 ms.
Unloading 2590 Unused Serialized files (Serialized files now loaded: 0)
System memory in use before: 198.4 MB.
System memory in use after: 198.6 MB.

Unloading 14 unused Assets to reduce memory usage. Loaded Objects now: 3129.
Total: 2.157542 ms (FindLiveObjects: 0.230125 ms CreateObjectMapping: 0.055667 ms MarkObjects: 1.846375 ms  DeleteObjects: 0.024292 ms)

AssetImportParameters requested are different than current active one (requested -> active):
  custom:video-decoder-ogg-theora: a1e56fd34408186e4bbccfd4996cb3dc -> 
  custom:container-muxer-webm: aa71ff27fc2769a1b78a27578f13a17b -> 
  custom:container-demuxer-webm: 4f35f7cbe854078d1ac9338744f61a02 -> 
  custom:container-demuxer-ogg: 62fdf1f143b41e24485cea50d1cbac27 -> 
  custom:video-encoder-webm-vp8: eb34c28f22e8b96e1ab97ce403110664 -> 
  custom:framework-osx-AVFoundation: e770b220cccbd017edd2c1fefb359320 -> 
  custom:video-decoder-webm-vp8: 9c59270c3fd7afecdb556c50c9e8de78 -> 
  custom:graphics/normal-map-encoding: 01000000000000000000000000000000 -> 02000000000000000000000000000000
  custom:audio-decoder-ogg-vorbis: bf7c407c2cedff20999df2af8eb42d56 -> 
  custom:audio-encoder-webm-vorbis: bf7c407c2cedff20999df2af8eb42d56 -> 
========================================================================
Received Prepare
Shader 'Universal Render Pipeline/Particles/Lit': fallback shader 'Universal Render Pipeline/Particles/SimpleLit' not found
Refreshing native plugins compatible for Editor in 1.67 ms, found 2 plugins.
Preloading 0 native plugins for Editor in 0.00 ms.
Unloading 12 Unused Serialized files (Serialized files now loaded: 0)
System memory in use before: 147.7 MB.
System memory in use after: 147.9 MB.

Unloading 12 unused Assets to reduce memory usage. Loaded Objects now: 3129.
Total: 2.007625 ms (FindLiveObjects: 0.255625 ms CreateObjectMapping: 0.059166 ms MarkObjects: 1.675417 ms  DeleteObjects: 0.016541 ms)

AssetImportParameters requested are different than current active one (requested -> active):
  custom:video-decoder-ogg-theora: a1e56fd34408186e4bbccfd4996cb3dc -> 
  custom:container-muxer-webm: aa71ff27fc2769a1b78a27578f13a17b -> 
  custom:container-demuxer-webm: 4f35f7cbe854078d1ac9338744f61a02 -> 
  custom:container-demuxer-ogg: 62fdf1f143b41e24485cea50d1cbac27 -> 
  custom:video-encoder-webm-vp8: eb34c28f22e8b96e1ab97ce403110664 -> 
  custom:framework-osx-AVFoundation: e770b220cccbd017edd2c1fefb359320 -> 
  custom:video-decoder-webm-vp8: 9c59270c3fd7afecdb556c50c9e8de78 -> 
  custom:audio-decoder-ogg-vorbis: bf7c407c2cedff20999df2af8eb42d56 -> 
  custom:audio-encoder-webm-vorbis: bf7c407c2cedff20999df2af8eb42d56 -> 
========================================================================
Received Import Request.
  Time since last request: 1818.123478 seconds.
  path: Assets/Scenes
  artifactKey: Guid(a1a36ed0a86113d4a99bdaa86388908b) Importer(815301076,1909f56bfc062723c751e8b465ee728b)
Start importing Assets/Scenes using Guid(a1a36ed0a86113d4a99bdaa86388908b) Importer(815301076,1909f56bfc062723c751e8b465ee728b)  -> (artifact id: 'b36ca6eb50226a3878b2f58501e620e5') in 0.014835 seconds 
  Import took 0.039246 seconds .

========================================================================
Received Import Request.
  Time since last request: 0.033343 seconds.
  path: Assets/Scenes
  artifactKey: Guid(a1a36ed0a86113d4a99bdaa86388908b) Importer(815301076,1909f56bfc062723c751e8b465ee728b)
Start importing Assets/Scenes using Guid(a1a36ed0a86113d4a99bdaa86388908b) Importer(815301076,1909f56bfc062723c751e8b465ee728b)  -> (artifact id: 'b36ca6eb50226a3878b2f58501e620e5') in 0.000657 seconds 
  Import took 0.004701 seconds .

========================================================================
Received Import Request.
  Time since last request: 1873.071027 seconds.
  path: Assets/Scenes/UITest.unity
  artifactKey: Guid(5fd972e48a525464fbc1fdff6172361b) Importer(815301076,1909f56bfc062723c751e8b465ee728b)
Start importing Assets/Scenes/UITest.unity using Guid(5fd972e48a525464fbc1fdff6172361b) Importer(815301076,1909f56bfc062723c751e8b465ee728b)  -> (artifact id: '6e417fe6ad89bfa242567c5d1bdf4d8b') in 0.026212 seconds 
  Import took 0.039080 seconds .

========================================================================
Received Import Request.
  Time since last request: 1.540835 seconds.
  path: Assets/Scenes/UITest.unity
  artifactKey: Guid(5fd972e48a525464fbc1fdff6172361b) Importer(815301076,1909f56bfc062723c751e8b465ee728b)
Start importing Assets/Scenes/UITest.unity using Guid(5fd972e48a525464fbc1fdff6172361b) Importer(815301076,1909f56bfc062723c751e8b465ee728b)  -> (artifact id: 'a1bbcb20e06fdb776845aad9fcee7bc0') in 0.013807 seconds 
  Import took 0.019880 seconds .

========================================================================
Received Import Request.
  Time since last request: 11.470812 seconds.
  path: Assets/Materials/Skybox_Mat.mat
  artifactKey: Guid(0ffaa0b7117ba8c47a9d05ae701d4b4d) Importer(815301076,1909f56bfc062723c751e8b465ee728b)
Start importing Assets/Materials/Skybox_Mat.mat using Guid(0ffaa0b7117ba8c47a9d05ae701d4b4d) Importer(815301076,1909f56bfc062723c751e8b465ee728b)  -> (artifact id: '4d54ab3375f41efad00566dcae11def2') in 1.434083 seconds 
  Import took 1.439677 seconds .

========================================================================
Received Import Request.
  Time since last request: 0.141403 seconds.
  path: Assets/Presets/AudioCompressedInMemory.preset
  artifactKey: Guid(2dd802e4d37c65149922028d3e973832) Importer(815301076,1909f56bfc062723c751e8b465ee728b)
Start importing Assets/Presets/AudioCompressedInMemory.preset using Guid(2dd802e4d37c65149922028d3e973832) Importer(815301076,1909f56bfc062723c751e8b465ee728b)  -> (artifact id: 'ac4de02398cfe62c06251b0f50233ebf') in 0.136269 seconds 
  Import took 0.142603 seconds .

========================================================================
Received Import Request.
  Time since last request: 0.000217 seconds.
  path: Assets/Presets/AudioStreaming.preset
  artifactKey: Guid(86bcce7f5575b54408aa0f3a7d321039) Importer(815301076,1909f56bfc062723c751e8b465ee728b)
Start importing Assets/Presets/AudioStreaming.preset using Guid(86bcce7f5575b54408aa0f3a7d321039) Importer(815301076,1909f56bfc062723c751e8b465ee728b)  -> (artifact id: '9982fbd60bc57b892b2c54d34a0163c0') in 0.002606 seconds 
  Import took 0.006358 seconds .

========================================================================
Received Import Request.
  Time since last request: 0.000324 seconds.
  path: Assets/Presets/NormalTexture.preset
  artifactKey: Guid(14a57cf3b9fa1c74b884aa7e0dcf1faa) Importer(815301076,1909f56bfc062723c751e8b465ee728b)
Start importing Assets/Presets/NormalTexture.preset using Guid(14a57cf3b9fa1c74b884aa7e0dcf1faa) Importer(815301076,1909f56bfc062723c751e8b465ee728b)  -> (artifact id: '9c195482fc53bc4f53f643643f636469') in 0.007859 seconds 
  Import took 0.014400 seconds .

========================================================================
Received Import Request.
  Time since last request: 0.000175 seconds.
  path: Assets/Presets/UtilityTexture.preset
  artifactKey: Guid(45f7b2e3c78185248b3adbb14429c2ab) Importer(815301076,1909f56bfc062723c751e8b465ee728b)
Start importing Assets/Presets/UtilityTexture.preset using Guid(45f7b2e3c78185248b3adbb14429c2ab) Importer(815301076,1909f56bfc062723c751e8b465ee728b)  -> (artifact id: 'ab9c1faeeb59b745cafa0ae79c874a42') in 0.006033 seconds 
  Import took 0.009718 seconds .

========================================================================
Received Import Request.
  Time since last request: 13.927106 seconds.
  path: Assets/Sprites
  artifactKey: Guid(39989d1523e20442f818157f776afdd9) Importer(815301076,1909f56bfc062723c751e8b465ee728b)
Start importing Assets/Sprites using Guid(39989d1523e20442f818157f776afdd9) Importer(815301076,1909f56bfc062723c751e8b465ee728b)  -> (artifact id: '83262ebe40602e5c6d721a5d26189ba3') in 0.001122 seconds 
  Import took 0.005457 seconds .

========================================================================
Received Import Request.
  Time since last request: 8.711791 seconds.
  path: Assets/Sprites/Logo.png
  artifactKey: Guid(983a2c4cc4f854c9999219b0c079c02f) Importer(815301076,1909f56bfc062723c751e8b465ee728b)
Start importing Assets/Sprites/Logo.png using Guid(983a2c4cc4f854c9999219b0c079c02f) Importer(815301076,1909f56bfc062723c751e8b465ee728b)  -> (artifact id: '994f41e812d0e641f76eb6e8fd5665d9') in 0.504259 seconds 
  Import took 0.508356 seconds .

========================================================================
Received Import Request.
  Time since last request: 11.669045 seconds.
  path: Assets/Sprites/Logo.png
  artifactKey: Guid(983a2c4cc4f854c9999219b0c079c02f) Importer(815301076,1909f56bfc062723c751e8b465ee728b)
Start importing Assets/Sprites/Logo.png using Guid(983a2c4cc4f854c9999219b0c079c02f) Importer(815301076,1909f56bfc062723c751e8b465ee728b)  -> (artifact id: '3b76683b4b316a4a65380dbfb75a63cd') in 0.052058 seconds 
  Import took 0.055673 seconds .

========================================================================
Received Import Request.
  Time since last request: 387.605298 seconds.
  path: Assets/Texture
  artifactKey: Guid(d97b4c2424e1c455994a269a25417f9b) Importer(815301076,1909f56bfc062723c751e8b465ee728b)
Start importing Assets/Texture using Guid(d97b4c2424e1c455994a269a25417f9b) Importer(815301076,1909f56bfc062723c751e8b465ee728b)  -> (artifact id: '10d973820456007e084ce8c799f258dd') in 0.001093 seconds 
  Import took 0.004543 seconds .

========================================================================
Received Import Request.
  Time since last request: 149.922889 seconds.
  path: Assets/Texture/delicious.png
  artifactKey: Guid(8f262fd059c4b44f0b83503e45a0388f) Importer(815301076,1909f56bfc062723c751e8b465ee728b)
Start importing Assets/Texture/delicious.png using Guid(8f262fd059c4b44f0b83503e45a0388f) Importer(815301076,1909f56bfc062723c751e8b465ee728b)  -> (artifact id: 'ed420362c99d9224750b17a0639e16a7') in 0.023235 seconds 
  Import took 0.034135 seconds .

========================================================================
Received Import Request.
  Time since last request: 10.484229 seconds.
  path: Assets/Texture/delicious.png
  artifactKey: Guid(8f262fd059c4b44f0b83503e45a0388f) Importer(815301076,1909f56bfc062723c751e8b465ee728b)
Start importing Assets/Texture/delicious.png using Guid(8f262fd059c4b44f0b83503e45a0388f) Importer(815301076,1909f56bfc062723c751e8b465ee728b)  -> (artifact id: 'eafd2245cb553f060da8d7c462b160f4') in 0.091851 seconds 
  Import took 0.098671 seconds .

========================================================================
Received Import Request.
  Time since last request: 61.975778 seconds.
  path: Assets/Sprites/delicious.png
  artifactKey: Guid(8f262fd059c4b44f0b83503e45a0388f) Importer(815301076,1909f56bfc062723c751e8b465ee728b)
Start importing Assets/Sprites/delicious.png using Guid(8f262fd059c4b44f0b83503e45a0388f) Importer(815301076,1909f56bfc062723c751e8b465ee728b)  -> (artifact id: 'b45a19ab87ba58ea27ba58e75c12c09c') in 0.023985 seconds 
  Import took 0.027900 seconds .

========================================================================
Received Import Request.
  Time since last request: 598.843596 seconds.
  path: Assets/Scripts
  artifactKey: Guid(02a3527b6b33a924e8ec66aa805ea717) Importer(815301076,1909f56bfc062723c751e8b465ee728b)
Start importing Assets/Scripts using Guid(02a3527b6b33a924e8ec66aa805ea717) Importer(815301076,1909f56bfc062723c751e8b465ee728b)  -> (artifact id: 'f0a913a0049096cde5d6a727232f232f') in 0.001784 seconds 
  Import took 0.007788 seconds .

========================================================================
Received Import Request.
  Time since last request: 126.946010 seconds.
  path: Assets/Sprites/Secondary.png
  artifactKey: Guid(33a157fbf6b3b4c2997491e77c9e5cba) Importer(815301076,1909f56bfc062723c751e8b465ee728b)
Start importing Assets/Sprites/Secondary.png using Guid(33a157fbf6b3b4c2997491e77c9e5cba) Importer(815301076,1909f56bfc062723c751e8b465ee728b)  -> (artifact id: '82fc27624c994349089180336fc22e4e') in 0.008234 seconds 
  Import took 0.011951 seconds .

========================================================================
Received Import Request.
  Time since last request: 0.001865 seconds.
  path: Assets/Sprites/Secondary.png
  artifactKey: Guid(33a157fbf6b3b4c2997491e77c9e5cba) Importer(815301076,1909f56bfc062723c751e8b465ee728b)
Start importing Assets/Sprites/Secondary.png using Guid(33a157fbf6b3b4c2997491e77c9e5cba) Importer(815301076,1909f56bfc062723c751e8b465ee728b)  -> (artifact id: '82fc27624c994349089180336fc22e4e') in 0.004886 seconds 
  Import took 0.008543 seconds .

========================================================================
Received Import Request.
  Time since last request: 7.665736 seconds.
  path: Assets/Sprites/Primary.png
  artifactKey: Guid(6239e23164c4d4d33bde0c59600029a0) Importer(815301076,1909f56bfc062723c751e8b465ee728b)
Start importing Assets/Sprites/Primary.png using Guid(6239e23164c4d4d33bde0c59600029a0) Importer(815301076,1909f56bfc062723c751e8b465ee728b)  -> (artifact id: '145c6f4bf275202a2552d806c9d9fee1') in 0.005909 seconds 
  Import took 0.009765 seconds .

========================================================================
Received Import Request.
  Time since last request: 0.003483 seconds.
  path: Assets/Sprites/Primary.png
  artifactKey: Guid(6239e23164c4d4d33bde0c59600029a0) Importer(815301076,1909f56bfc062723c751e8b465ee728b)
Start importing Assets/Sprites/Primary.png using Guid(6239e23164c4d4d33bde0c59600029a0) Importer(815301076,1909f56bfc062723c751e8b465ee728b)  -> (artifact id: '145c6f4bf275202a2552d806c9d9fee1') in 0.004997 seconds 
  Import took 0.008295 seconds .

========================================================================
Received Import Request.
  Time since last request: 16.652350 seconds.
  path: Assets/Sprites/Primary.png
  artifactKey: Guid(6239e23164c4d4d33bde0c59600029a0) Importer(815301076,1909f56bfc062723c751e8b465ee728b)
Start importing Assets/Sprites/Primary.png using Guid(6239e23164c4d4d33bde0c59600029a0) Importer(815301076,1909f56bfc062723c751e8b465ee728b)  -> (artifact id: '84d87d1908a582fdc42c3c3a6ad8912a') in 0.008557 seconds 
  Import took 0.012592 seconds .

========================================================================
Received Import Request.
  Time since last request: 8.468197 seconds.
  path: Assets/Sprites/Secondary.png
  artifactKey: Guid(33a157fbf6b3b4c2997491e77c9e5cba) Importer(815301076,1909f56bfc062723c751e8b465ee728b)
Start importing Assets/Sprites/Secondary.png using Guid(33a157fbf6b3b4c2997491e77c9e5cba) Importer(815301076,1909f56bfc062723c751e8b465ee728b)  -> (artifact id: '5b1c15c81db76cfe1e85d658cac2fcd1') in 0.007987 seconds 
  Import took 0.012125 seconds .

========================================================================
Received Prepare
Registering precompiled user dll's ...
Registered in 0.004157 seconds.
Begin MonoManager ReloadAssembly
Native extension for OSXStandalone target not found
Refreshing native plugins compatible for Editor in 0.54 ms, found 3 plugins.
Preloading 0 native plugins for Editor in 0.00 ms.
Mono: successfully reloaded assembly
- Completed reload, in  2.710 seconds
Platform modules already initialized, skipping
Switching build target platform(2) subTarget(0) extendedPlatform(0) -> platform(9) subTarget(16777218) extendedPlatform(0)
Shader 'Universal Render Pipeline/Particles/Lit': fallback shader 'Universal Render Pipeline/Particles/SimpleLit' not found
Refreshing native plugins compatible for Editor in 0.51 ms, found 3 plugins.
Preloading 0 native plugins for Editor in 0.00 ms.
Unloading 2925 Unused Serialized files (Serialized files now loaded: 0)
System memory in use before: 231.8 MB.
System memory in use after: 231.9 MB.

Unloading 20 unused Assets to reduce memory usage. Loaded Objects now: 3553.
Total: 1.913041 ms (FindLiveObjects: 0.202625 ms CreateObjectMapping: 0.065792 ms MarkObjects: 1.547625 ms  DeleteObjects: 0.095958 ms)

AssetImportParameters requested are different than current active one (requested -> active):
  custom:video-decoder-ogg-theora: a1e56fd34408186e4bbccfd4996cb3dc -> 
  custom:container-muxer-webm: aa71ff27fc2769a1b78a27578f13a17b -> 
  custom:container-demuxer-webm: 4f35f7cbe854078d1ac9338744f61a02 -> 
  custom:container-demuxer-ogg: 62fdf1f143b41e24485cea50d1cbac27 -> 
  custom:video-encoder-webm-vp8: eb34c28f22e8b96e1ab97ce403110664 -> 
  custom:framework-osx-AVFoundation: e770b220cccbd017edd2c1fefb359320 -> 
  custom:video-decoder-webm-vp8: 9c59270c3fd7afecdb556c50c9e8de78 -> 
  custom:graphics/normal-map-encoding: 01000000000000000000000000000000 -> 02000000000000000000000000000000
  custom:audio-decoder-ogg-vorbis: bf7c407c2cedff20999df2af8eb42d56 -> 
  custom:audio-encoder-webm-vorbis: bf7c407c2cedff20999df2af8eb42d56 -> 
========================================================================
Received Prepare
Registering precompiled user dll's ...
Registered in 0.004226 seconds.
Begin MonoManager ReloadAssembly
Native extension for OSXStandalone target not found
Refreshing native plugins compatible for Editor in 52.45 ms, found 3 plugins.
Preloading 0 native plugins for Editor in 0.00 ms.
Mono: successfully reloaded assembly
- Completed reload, in  2.830 seconds
Platform modules already initialized, skipping
Switching build target platform(2) subTarget(0) extendedPlatform(0) -> platform(9) subTarget(16777218) extendedPlatform(0)
Shader 'Universal Render Pipeline/Particles/Lit': fallback shader 'Universal Render Pipeline/Particles/SimpleLit' not found
Refreshing native plugins compatible for Editor in 0.53 ms, found 3 plugins.
Preloading 0 native plugins for Editor in 0.00 ms.
Unloading 2986 Unused Serialized files (Serialized files now loaded: 0)
System memory in use before: 234.3 MB.
System memory in use after: 234.4 MB.

Unloading 20 unused Assets to reduce memory usage. Loaded Objects now: 3618.
Total: 1.929833 ms (FindLiveObjects: 0.227958 ms CreateObjectMapping: 0.066166 ms MarkObjects: 1.546334 ms  DeleteObjects: 0.088375 ms)

AssetImportParameters requested are different than current active one (requested -> active):
  custom:video-decoder-ogg-theora: a1e56fd34408186e4bbccfd4996cb3dc -> 
  custom:container-muxer-webm: aa71ff27fc2769a1b78a27578f13a17b -> 
  custom:container-demuxer-webm: 4f35f7cbe854078d1ac9338744f61a02 -> 
  custom:container-demuxer-ogg: 62fdf1f143b41e24485cea50d1cbac27 -> 
  custom:video-encoder-webm-vp8: eb34c28f22e8b96e1ab97ce403110664 -> 
  custom:framework-osx-AVFoundation: e770b220cccbd017edd2c1fefb359320 -> 
  custom:video-decoder-webm-vp8: 9c59270c3fd7afecdb556c50c9e8de78 -> 
  custom:graphics/normal-map-encoding: 01000000000000000000000000000000 -> 02000000000000000000000000000000
  custom:audio-decoder-ogg-vorbis: bf7c407c2cedff20999df2af8eb42d56 -> 
  custom:audio-encoder-webm-vorbis: bf7c407c2cedff20999df2af8eb42d56 -> 
========================================================================
Received Prepare
Registering precompiled user dll's ...
Registered in 0.002373 seconds.
Begin MonoManager ReloadAssembly
Native extension for OSXStandalone target not found
Refreshing native plugins compatible for Editor in 0.61 ms, found 3 plugins.
Preloading 0 native plugins for Editor in 0.00 ms.
Mono: successfully reloaded assembly
- Completed reload, in  2.528 seconds
Platform modules already initialized, skipping
Switching build target platform(2) subTarget(0) extendedPlatform(0) -> platform(9) subTarget(16777218) extendedPlatform(0)
Shader 'Universal Render Pipeline/Particles/Lit': fallback shader 'Universal Render Pipeline/Particles/SimpleLit' not found
Refreshing native plugins compatible for Editor in 0.64 ms, found 3 plugins.
Preloading 0 native plugins for Editor in 0.00 ms.
Unloading 3074 Unused Serialized files (Serialized files now loaded: 0)
System memory in use before: 240.0 MB.
System memory in use after: 240.1 MB.

Unloading 21 unused Assets to reduce memory usage. Loaded Objects now: 3709.
Total: 1.980958 ms (FindLiveObjects: 0.227792 ms CreateObjectMapping: 0.075458 ms MarkObjects: 1.588125 ms  DeleteObjects: 0.088459 ms)

AssetImportParameters requested are different than current active one (requested -> active):
  custom:video-decoder-ogg-theora: a1e56fd34408186e4bbccfd4996cb3dc -> 
  custom:container-muxer-webm: aa71ff27fc2769a1b78a27578f13a17b -> 
  custom:container-demuxer-webm: 4f35f7cbe854078d1ac9338744f61a02 -> 
  custom:container-demuxer-ogg: 62fdf1f143b41e24485cea50d1cbac27 -> 
  custom:video-encoder-webm-vp8: eb34c28f22e8b96e1ab97ce403110664 -> 
  custom:framework-osx-AVFoundation: e770b220cccbd017edd2c1fefb359320 -> 
  custom:video-decoder-webm-vp8: 9c59270c3fd7afecdb556c50c9e8de78 -> 
  custom:graphics/normal-map-encoding: 01000000000000000000000000000000 -> 02000000000000000000000000000000
  custom:audio-decoder-ogg-vorbis: bf7c407c2cedff20999df2af8eb42d56 -> 
  custom:audio-encoder-webm-vorbis: bf7c407c2cedff20999df2af8eb42d56 -> 
========================================================================
Received Import Request.
  Time since last request: 765.419160 seconds.
  path: Assets/Sprites/Primary.png
  artifactKey: Guid(6239e23164c4d4d33bde0c59600029a0) Importer(815301076,1909f56bfc062723c751e8b465ee728b)
Start importing Assets/Sprites/Primary.png using Guid(6239e23164c4d4d33bde0c59600029a0) Importer(815301076,1909f56bfc062723c751e8b465ee728b)  -> (artifact id: '3631a397a480f20148eed28b29348535') in 0.141788 seconds 
  Import took 0.150686 seconds .

========================================================================
Received Import Request.
  Time since last request: 386.597936 seconds.
  path: Assets/Sprites/Primary 1.png
  artifactKey: Guid(f15cbb1897b144d488928adf0e5e17f1) Importer(815301076,1909f56bfc062723c751e8b465ee728b)
Start importing Assets/Sprites/Primary 1.png using Guid(f15cbb1897b144d488928adf0e5e17f1) Importer(815301076,1909f56bfc062723c751e8b465ee728b)  -> (artifact id: 'f933e7939b28ffb86e2fb6d06e4f459a') in 0.010878 seconds 
  Import took 0.015386 seconds .

========================================================================
Received Import Request.
  Time since last request: 0.000212 seconds.
  path: Assets/Sprites/Secondary 1.png
  artifactKey: Guid(8e6ff549cc90048c38b4ceffadfd0b46) Importer(815301076,1909f56bfc062723c751e8b465ee728b)
Start importing Assets/Sprites/Secondary 1.png using Guid(8e6ff549cc90048c38b4ceffadfd0b46) Importer(815301076,1909f56bfc062723c751e8b465ee728b)  -> (artifact id: '9429573cd56b462a200e4362709e4677') in 0.004830 seconds 
  Import took 0.008649 seconds .

========================================================================
Received Import Request.
  Time since last request: 27.107495 seconds.
  path: Assets/Sprites/Primary 1.png
  artifactKey: Guid(f15cbb1897b144d488928adf0e5e17f1) Importer(815301076,1909f56bfc062723c751e8b465ee728b)
Start importing Assets/Sprites/Primary 1.png using Guid(f15cbb1897b144d488928adf0e5e17f1) Importer(815301076,1909f56bfc062723c751e8b465ee728b)  -> (artifact id: 'c19c11b34dcff8af268f6e7b047337b0') in 0.010593 seconds 
  Import took 0.015033 seconds .

========================================================================
Received Import Request.
  Time since last request: 0.000297 seconds.
  path: Assets/Sprites/Secondary 1.png
  artifactKey: Guid(8e6ff549cc90048c38b4ceffadfd0b46) Importer(815301076,1909f56bfc062723c751e8b465ee728b)
Start importing Assets/Sprites/Secondary 1.png using Guid(8e6ff549cc90048c38b4ceffadfd0b46) Importer(815301076,1909f56bfc062723c751e8b465ee728b)  -> (artifact id: '1f1c30e248267992e3de960fce797f7c') in 0.006493 seconds 
  Import took 0.010699 seconds .

========================================================================
Received Import Request.
  Time since last request: 27.350896 seconds.
  path: Assets/Sprites/Primary 1.png
  artifactKey: Guid(f15cbb1897b144d488928adf0e5e17f1) Importer(815301076,1909f56bfc062723c751e8b465ee728b)
Start importing Assets/Sprites/Primary 1.png using Guid(f15cbb1897b144d488928adf0e5e17f1) Importer(815301076,1909f56bfc062723c751e8b465ee728b)  -> (artifact id: '8363d9231b42a7fad297a690bc00244b') in 0.007586 seconds 
  Import took 0.011877 seconds .

========================================================================
Received Import Request.
  Time since last request: 29.754397 seconds.
  path: Assets/Sprites/Secondary 1.png
  artifactKey: Guid(8e6ff549cc90048c38b4ceffadfd0b46) Importer(815301076,1909f56bfc062723c751e8b465ee728b)
Start importing Assets/Sprites/Secondary 1.png using Guid(8e6ff549cc90048c38b4ceffadfd0b46) Importer(815301076,1909f56bfc062723c751e8b465ee728b)  -> (artifact id: '55dd8f547d4070b181deb6c4fa50463f') in 0.006778 seconds 
  Import took 0.010963 seconds .

========================================================================
Received Prepare
Shader 'Universal Render Pipeline/Particles/Lit': fallback shader 'Universal Render Pipeline/Particles/SimpleLit' not found
Refreshing native plugins compatible for Editor in 5.79 ms, found 3 plugins.
Preloading 0 native plugins for Editor in 0.00 ms.
Unloading 19 Unused Serialized files (Serialized files now loaded: 0)
System memory in use before: 181.0 MB.
System memory in use after: 181.2 MB.

Unloading 19 unused Assets to reduce memory usage. Loaded Objects now: 3712.
Total: 10.188583 ms (FindLiveObjects: 0.491834 ms CreateObjectMapping: 0.089458 ms MarkObjects: 9.437042 ms  DeleteObjects: 0.169250 ms)

AssetImportParameters requested are different than current active one (requested -> active):
  custom:video-decoder-ogg-theora: a1e56fd34408186e4bbccfd4996cb3dc -> 
  custom:container-muxer-webm: aa71ff27fc2769a1b78a27578f13a17b -> 
  custom:container-demuxer-webm: 4f35f7cbe854078d1ac9338744f61a02 -> 
  custom:container-demuxer-ogg: 62fdf1f143b41e24485cea50d1cbac27 -> 
  custom:video-encoder-webm-vp8: eb34c28f22e8b96e1ab97ce403110664 -> 
  custom:framework-osx-AVFoundation: e770b220cccbd017edd2c1fefb359320 -> 
  custom:video-decoder-webm-vp8: 9c59270c3fd7afecdb556c50c9e8de78 -> 
  custom:audio-decoder-ogg-vorbis: bf7c407c2cedff20999df2af8eb42d56 -> 
  custom:audio-encoder-webm-vorbis: bf7c407c2cedff20999df2af8eb42d56 -> 
========================================================================
Received Prepare
Shader 'Universal Render Pipeline/Particles/Lit': fallback shader 'Universal Render Pipeline/Particles/SimpleLit' not found
Refreshing native plugins compatible for Editor in 3.57 ms, found 3 plugins.
Preloading 0 native plugins for Editor in 0.00 ms.
Unloading 19 Unused Serialized files (Serialized files now loaded: 0)
System memory in use before: 181.0 MB.
System memory in use after: 181.2 MB.

Unloading 19 unused Assets to reduce memory usage. Loaded Objects now: 3712.
Total: 12.266750 ms (FindLiveObjects: 0.539416 ms CreateObjectMapping: 0.076542 ms MarkObjects: 11.518250 ms  DeleteObjects: 0.131667 ms)

AssetImportParameters requested are different than current active one (requested -> active):
  custom:video-decoder-ogg-theora: a1e56fd34408186e4bbccfd4996cb3dc -> 
  custom:container-muxer-webm: aa71ff27fc2769a1b78a27578f13a17b -> 
  custom:container-demuxer-webm: 4f35f7cbe854078d1ac9338744f61a02 -> 
  custom:container-demuxer-ogg: 62fdf1f143b41e24485cea50d1cbac27 -> 
  custom:video-encoder-webm-vp8: eb34c28f22e8b96e1ab97ce403110664 -> 
  custom:framework-osx-AVFoundation: e770b220cccbd017edd2c1fefb359320 -> 
  custom:video-decoder-webm-vp8: 9c59270c3fd7afecdb556c50c9e8de78 -> 
  custom:audio-decoder-ogg-vorbis: bf7c407c2cedff20999df2af8eb42d56 -> 
  custom:audio-encoder-webm-vorbis: bf7c407c2cedff20999df2af8eb42d56 -> 
